Arguments: 
  /usr/local/Cellar/node/13.1.0/bin/node /usr/local/lib/node_modules/yarn/bin/yarn.js add chai --dev

PATH: 
  /Users/ofekrom/.nodenv/shims::/Users/ofekrom/Library/Android/sdk:/Users/ofekrom/Library/Android/sdk/tools:/Users/ofekrom/Library/Android/sdk/platform-tools:/Users/ofekrom/Library/Android/sdk/build-tools:/Library/Java/JavaVirtualMachines/jdk1.8.0_91.jdk/Contents/Home/bin:/usr/local/bin:/usr/bin:/bin:/usr/sbin:/sbin:/opt/X11/bin:/opt/ImageMagick/bin:./node_modules/.bin:/usr/local/bin:/usr/bin:/usr/local/bin:/usr/bin:/bin:/usr/sbin:/sbin:/opt/X11/bin:/opt/ImageMagick/bin

Yarn version: 
  1.12.3

Node version: 
  13.1.0

Platform: 
  darwin x64

Trace: 
  Error: getaddrinfo ENOTFOUND wm-npm.mobimate.com
      at GetAddrInfoReqWrap.onlookup [as oncomplete] (dns.js:60:26)

npm manifest: 
  {
    "name": "untitled3",
    "version": "1.0.0",
    "main": "index.js",
    "license": "MIT",
    "dependencies": {
      "axios": "^0.19.2",
      "csv-parser": "^2.3.2",
      "csvtojson": "^2.0.10",
      "express": "^4.17.1",
      "lodash": "^4.17.15",
      "moment": "^2.24.0",
      "redis": "^3.0.2"
    }
  }

yarn manifest: 
  No manifest

Lockfile: 
  # THIS IS AN AUTOGENERATED FILE. DO NOT EDIT THIS FILE DIRECTLY.
  # yarn lockfile v1
  
  
  "@hapi/address@^2.1.2":
    version "2.1.4"
    resolved "http://wm-npm.mobimate.com:80/api/npm/wm-node/@hapi/address/-/address-2.1.4.tgz#5d67ed43f3fd41a69d4b9ff7b56e7c0d1d0a81e5"
    integrity sha1-XWftQ/P9QaadS5/3tW58DR0KgeU=
  
  "@hapi/formula@^1.2.0":
    version "1.2.0"
    resolved "http://wm-npm.mobimate.com:80/api/npm/wm-node/@hapi/formula/-/formula-1.2.0.tgz#994649c7fea1a90b91a0a1e6d983523f680e10cd"
    integrity sha1-mUZJx/6hqQuRoKHm2YNSP2gOEM0=
  
  "@hapi/hoek@^8.2.4", "@hapi/hoek@^8.3.0":
    version "8.5.1"
    resolved "http://wm-npm.mobimate.com:80/api/npm/wm-node/@hapi/hoek/-/hoek-8.5.1.tgz#fde96064ca446dec8c55a8c2f130957b070c6e06"
    integrity sha1-/elgZMpEbeyMVajC8TCVewcMbgY=
  
  "@hapi/joi@^16.1.4":
    version "16.1.8"
    resolved "http://wm-npm.mobimate.com:80/api/npm/wm-node/@hapi/joi/-/joi-16.1.8.tgz#84c1f126269489871ad4e2decc786e0adef06839"
    integrity sha1-hMHxJiaUiYca1OLezHhuCt7waDk=
    dependencies:
      "@hapi/address" "^2.1.2"
      "@hapi/formula" "^1.2.0"
      "@hapi/hoek" "^8.2.4"
      "@hapi/pinpoint" "^1.0.2"
      "@hapi/topo" "^3.1.3"
  
  "@hapi/pinpoint@^1.0.2":
    version "1.0.2"
    resolved "http://wm-npm.mobimate.com:80/api/npm/wm-node/@hapi/pinpoint/-/pinpoint-1.0.2.tgz#025b7a36dbbf4d35bf1acd071c26b20ef41e0d13"
    integrity sha1-Alt6Ntu/TTW/Gs0HHCayDvQeDRM=
  
  "@hapi/topo@^3.1.3":
    version "3.1.6"
    resolved "http://wm-npm.mobimate.com:80/api/npm/wm-node/@hapi/topo/-/topo-3.1.6.tgz#68d935fa3eae7fdd5ab0d7f953f3205d8b2bfc29"
    integrity sha1-aNk1+j6uf91asNf5U/MgXYsr/Ck=
    dependencies:
      "@hapi/hoek" "^8.3.0"
  
  accepts@~1.3.7:
    version "1.3.7"
    resolved "http://wm-npm.mobimate.com:80/api/npm/wm-node/accepts/-/accepts-1.3.7.tgz#531bc726517a3b2b41f850021c6cc15eaab507cd"
    integrity sha1-UxvHJlF6OytB+FACHGzBXqq1B80=
    dependencies:
      mime-types "~2.1.24"
      negotiator "0.6.2"
  
  array-flatten@1.1.1:
    version "1.1.1"
    resolved "http://wm-npm.mobimate.com:80/api/npm/wm-node/array-flatten/array-flatten-1.1.1.tgz#9a5f699051b1e7073328f2a008968b64ea2955d2"
    integrity sha1-ml9pkFGx5wczKPKgCJaLZOopVdI=
  
  axios@^0.19.2:
    version "0.19.2"
    resolved "http://wm-npm.mobimate.com:80/api/npm/wm-node/axios/-/axios-0.19.2.tgz#3ea36c5d8818d0d5f8a8a97a6d36b86cdc00cb27"
    integrity sha1-PqNsXYgY0NX4qKl6bTa4bNwAyyc=
    dependencies:
      follow-redirects "1.5.10"
  
  bluebird@^3.5.1:
    version "3.7.2"
    resolved "http://wm-npm.mobimate.com:80/api/npm/wm-node/bluebird/-/bluebird-3.7.2.tgz#9f229c15be272454ffa973ace0dbee79a1b0c36f"
    integrity sha1-nyKcFb4nJFT/qXOs4NvueaGww28=
  
  body-parser@1.19.0:
    version "1.19.0"
    resolved "http://wm-npm.mobimate.com:80/api/npm/wm-node/body-parser/-/body-parser-1.19.0.tgz#96b2709e57c9c4e09a6fd66a8fd979844f69f08a"
    integrity sha1-lrJwnlfJxOCab9Zqj9l5hE9p8Io=
    dependencies:
      bytes "3.1.0"
      content-type "~1.0.4"
      debug "2.6.9"
      depd "~1.1.2"
      http-errors "1.7.2"
      iconv-lite "0.4.24"
      on-finished "~2.3.0"
      qs "6.7.0"
      raw-body "2.4.0"
      type-is "~1.6.17"
  
  buffer-alloc-unsafe@^1.1.0:
    version "1.1.0"
    resolved "http://wm-npm.mobimate.com:80/api/npm/wm-node/buffer-alloc-unsafe/-/buffer-alloc-unsafe-1.1.0.tgz#bd7dc26ae2972d0eda253be061dba992349c19f0"
    integrity sha1-vX3CauKXLQ7aJTvgYdupkjScGfA=
  
  buffer-alloc@^1.1.0:
    version "1.2.0"
    resolved "http://wm-npm.mobimate.com:80/api/npm/wm-node/buffer-alloc/-/buffer-alloc-1.2.0.tgz#890dd90d923a873e08e10e5fd51a57e5b7cce0ec"
    integrity sha1-iQ3ZDZI6hz4I4Q5f1RpX5bfM4Ow=
    dependencies:
      buffer-alloc-unsafe "^1.1.0"
      buffer-fill "^1.0.0"
  
  buffer-fill@^1.0.0:
    version "1.0.0"
    resolved "http://wm-npm.mobimate.com:80/api/npm/wm-node/buffer-fill/-/buffer-fill-1.0.0.tgz#f8f78b76789888ef39f205cd637f68e702122b2c"
    integrity sha1-+PeLdniYiO858gXNY39o5wISKyw=
  
  buffer-from@^1.0.0:
    version "1.1.1"
    resolved "http://wm-npm.mobimate.com:80/api/npm/wm-node/buffer-from/-/buffer-from-1.1.1.tgz#32713bc028f75c02fdb710d7c7bcec1f2c6070ef"
    integrity sha1-MnE7wCj3XAL9txDXx7zsHyxgcO8=
  
  bytes@3.1.0:
    version "3.1.0"
    resolved "http://wm-npm.mobimate.com:80/api/npm/wm-node/bytes/-/bytes-3.1.0.tgz#f6cf7933a360e0588fa9fde85651cdc7f805d1f6"
    integrity sha1-9s95M6Ng4FiPqf3oVlHNx/gF0fY=
  
  content-disposition@0.5.3:
    version "0.5.3"
    resolved "http://wm-npm.mobimate.com:80/api/npm/wm-node/content-disposition/-/content-disposition-0.5.3.tgz#e130caf7e7279087c5616c2007d0485698984fbd"
    integrity sha1-4TDK9+cnkIfFYWwgB9BIVpiYT70=
    dependencies:
      safe-buffer "5.1.2"
  
  content-type@~1.0.4:
    version "1.0.4"
    resolved "http://wm-npm.mobimate.com:80/api/npm/wm-node/content-type/-/content-type-1.0.4.tgz#e138cc75e040c727b1966fe5e5f8c9aee256fe3b"
    integrity sha1-4TjMdeBAxyexlm/l5fjJruJW/js=
  
  cookie-signature@1.0.6:
    version "1.0.6"
    resolved "http://wm-npm.mobimate.com:80/api/npm/wm-node/cookie-signature/cookie-signature-1.0.6.tgz#e303a882b342cc3ee8ca513a79999734dab3ae2c"
    integrity sha1-4wOogrNCzD7oylE6eZmXNNqzriw=
  
  cookie@0.4.0:
    version "0.4.0"
    resolved "http://wm-npm.mobimate.com:80/api/npm/wm-node/cookie/-/cookie-0.4.0.tgz#beb437e7022b3b6d49019d088665303ebe9c14ba"
    integrity sha1-vrQ35wIrO21JAZ0IhmUwPr6cFLo=
  
  core-util-is@~1.0.0:
    version "1.0.2"
    resolved "http://wm-npm.mobimate.com:80/api/npm/wm-node/core-util-is/core-util-is-1.0.2.tgz#b5fd54220aa2bc5ab57aab7140c940754503c1a7"
    integrity sha1-tf1UIgqivFq1eqtxQMlAdUUDwac=
  
  csv-parser@^2.3.2:
    version "2.3.2"
    resolved "http://wm-npm.mobimate.com:80/api/npm/wm-node/csv-parser/-/csv-parser-2.3.2.tgz#3a4146abb9a0be7c3cbcae9c289f0a7e622dc07b"
    integrity sha1-OkFGq7mgvnw8vK6cKJ8KfmItwHs=
    dependencies:
      "@hapi/joi" "^16.1.4"
      buffer-alloc "^1.1.0"
      buffer-from "^1.0.0"
      generate-object-property "^1.0.0"
      minimist "^1.2.0"
      ndjson "^1.4.0"
  
  csvtojson@^2.0.10:
    version "2.0.10"
    resolved "http://wm-npm.mobimate.com:80/api/npm/wm-node/csvtojson/-/csvtojson-2.0.10.tgz#11e7242cc630da54efce7958a45f443210357574"
    integrity sha1-EeckLMYw2lTvznlYpF9EMhA1dXQ=
    dependencies:
      bluebird "^3.5.1"
      lodash "^4.17.3"
      strip-bom "^2.0.0"
  
  debug@2.6.9:
    version "2.6.9"
    resolved "http://wm-npm.mobimate.com:80/api/npm/wm-node/debug/-/debug-2.6.9.tgz#5d128515df134ff327e90a4c93f4e077a536341f"
    integrity sha1-XRKFFd8TT/Mn6QpMk/Tgd6U2NB8=
    dependencies:
      ms "2.0.0"
  
  debug@=3.1.0:
    version "3.1.0"
    resolved "http://wm-npm.mobimate.com:80/api/npm/wm-node/debug/-/debug-3.1.0.tgz#5bb5a0672628b64149566ba16819e61518c67261"
    integrity sha1-W7WgZyYotkFJVmuhaBnmFRjGcmE=
    dependencies:
      ms "2.0.0"
  
  denque@^1.4.1:
    version "1.4.1"
    resolved "http://wm-npm.mobimate.com:80/api/npm/wm-node/denque/-/denque-1.4.1.tgz#6744ff7641c148c3f8a69c307e51235c1f4a37cf"
    integrity sha1-Z0T/dkHBSMP4ppwwflEjXB9KN88=
  
  depd@~1.1.2:
    version "1.1.2"
    resolved "http://wm-npm.mobimate.com:80/api/npm/wm-node/depd/-/depd-1.1.2.tgz#9bcd52e14c097763e749b274c4346ed2e560b5a9"
    integrity sha1-m81S4UwJd2PnSbJ0xDRu0uVgtak=
  
  destroy@~1.0.4:
    version "1.0.4"
    resolved "http://wm-npm.mobimate.com:80/api/npm/wm-node/destroy/destroy-1.0.4.tgz#978857442c44749e4206613e37946205826abd80"
    integrity sha1-l4hXRCxEdJ5CBmE+N5RiBYJqvYA=
  
  ee-first@1.1.1:
    version "1.1.1"
    resolved "http://wm-npm.mobimate.com:80/api/npm/wm-node/ee-first/ee-first-1.1.1.tgz#590c61156b0ae2f4f0255732a158b266bc56b21d"
    integrity sha1-WQxhFWsK4vTwJVcyoViyZrxWsh0=
  
  encodeurl@~1.0.2:
    version "1.0.2"
    resolved "http://wm-npm.mobimate.com:80/api/npm/wm-node/encodeurl/-/encodeurl-1.0.2.tgz#ad3ff4c86ec2d029322f5a02c3a9a606c95b3f59"
    integrity sha1-rT/0yG7C0CkyL1oCw6mmBslbP1k=
  
  escape-html@~1.0.3:
    version "1.0.3"
    resolved "http://wm-npm.mobimate.com:80/api/npm/wm-node/escape-html/escape-html-1.0.3.tgz#0258eae4d3d0c0974de1c169188ef0051d1d1988"
    integrity sha1-Aljq5NPQwJdN4cFpGI7wBR0dGYg=
  
  etag@~1.8.1:
    version "1.8.1"
    resolved "http://wm-npm.mobimate.com:80/api/npm/wm-node/etag/-/etag-1.8.1.tgz#41ae2eeb65efa62268aebfea83ac7d79299b0887"
    integrity sha1-Qa4u62XvpiJorr/qg6x9eSmbCIc=
  
  express@^4.17.1:
    version "4.17.1"
    resolved "http://wm-npm.mobimate.com:80/api/npm/wm-node/express/-/express-4.17.1.tgz#4491fc38605cf51f8629d39c2b5d026f98a4c134"
    integrity sha1-RJH8OGBc9R+GKdOcK10Cb5ikwTQ=
    dependencies:
      accepts "~1.3.7"
      array-flatten "1.1.1"
      body-parser "1.19.0"
      content-disposition "0.5.3"
      content-type "~1.0.4"
      cookie "0.4.0"
      cookie-signature "1.0.6"
      debug "2.6.9"
      depd "~1.1.2"
      encodeurl "~1.0.2"
      escape-html "~1.0.3"
      etag "~1.8.1"
      finalhandler "~1.1.2"
      fresh "0.5.2"
      merge-descriptors "1.0.1"
      methods "~1.1.2"
      on-finished "~2.3.0"
      parseurl "~1.3.3"
      path-to-regexp "0.1.7"
      proxy-addr "~2.0.5"
      qs "6.7.0"
      range-parser "~1.2.1"
      safe-buffer "5.1.2"
      send "0.17.1"
      serve-static "1.14.1"
      setprototypeof "1.1.1"
      statuses "~1.5.0"
      type-is "~1.6.18"
      utils-merge "1.0.1"
      vary "~1.1.2"
  
  finalhandler@~1.1.2:
    version "1.1.2"
    resolved "http://wm-npm.mobimate.com:80/api/npm/wm-node/finalhandler/-/finalhandler-1.1.2.tgz#b7e7d000ffd11938d0fdb053506f6ebabe9f587d"
    integrity sha1-t+fQAP/RGTjQ/bBTUG9uur6fWH0=
    dependencies:
      debug "2.6.9"
      encodeurl "~1.0.2"
      escape-html "~1.0.3"
      on-finished "~2.3.0"
      parseurl "~1.3.3"
      statuses "~1.5.0"
      unpipe "~1.0.0"
  
  follow-redirects@1.5.10:
    version "1.5.10"
    resolved "http://wm-npm.mobimate.com:80/api/npm/wm-node/follow-redirects/-/follow-redirects-1.5.10.tgz#7b7a9f9aea2fdff36786a94ff643ed07f4ff5e2a"
    integrity sha1-e3qfmuov3/NnhqlP9kPtB/T/Xio=
    dependencies:
      debug "=3.1.0"
  
  forwarded@~0.1.2:
    version "0.1.2"
    resolved "http://wm-npm.mobimate.com:80/api/npm/wm-node/forwarded/-/forwarded-0.1.2.tgz#98c23dab1175657b8c0573e8ceccd91b0ff18c84"
    integrity sha1-mMI9qxF1ZXuMBXPozszZGw/xjIQ=
  
  fresh@0.5.2:
    version "0.5.2"
    resolved "http://wm-npm.mobimate.com:80/api/npm/wm-node/fresh/-/fresh-0.5.2.tgz#3d8cadd90d976569fa835ab1f8e4b23a105605a7"
    integrity sha1-PYyt2Q2XZWn6g1qx+OSyOhBWBac=
  
  generate-object-property@^1.0.0:
    version "1.2.0"
    resolved "http://wm-npm.mobimate.com:80/api/npm/wm-node/generate-object-property/generate-object-property-1.2.0.tgz#9c0e1c40308ce804f4783618b937fa88f99d50d0"
    integrity sha1-nA4cQDCM6AT0eDYYuTf6iPmdUNA=
    dependencies:
      is-property "^1.0.0"
  
  http-errors@1.7.2:
    version "1.7.2"
    resolved "http://wm-npm.mobimate.com:80/api/npm/wm-node/http-errors/-/http-errors-1.7.2.tgz#4f5029cf13239f31036e5b2e55292bcfbcc85c8f"
    integrity sha1-T1ApzxMjnzEDblsuVSkrz7zIXI8=
    dependencies:
      depd "~1.1.2"
      inherits "2.0.3"
      setprototypeof "1.1.1"
      statuses ">= 1.5.0 < 2"
      toidentifier "1.0.0"
  
  http-errors@~1.7.2:
    version "1.7.3"
    resolved "http://wm-npm.mobimate.com:80/api/npm/wm-node/http-errors/-/http-errors-1.7.3.tgz#6c619e4f9c60308c38519498c14fbb10aacebb06"
    integrity sha1-bGGeT5xgMIw4UZSYwU+7EKrOuwY=
    dependencies:
      depd "~1.1.2"
      inherits "2.0.4"
      setprototypeof "1.1.1"
      statuses ">= 1.5.0 < 2"
      toidentifier "1.0.0"
  
  iconv-lite@0.4.24:
    version "0.4.24"
    resolved "http://wm-npm.mobimate.com:80/api/npm/wm-node/iconv-lite/-/iconv-lite-0.4.24.tgz#2022b4b25fbddc21d2f524974a474aafe733908b"
    integrity sha1-ICK0sl+93CHS9SSXSkdKr+czkIs=
    dependencies:
      safer-buffer ">= 2.1.2 < 3"
  
  inherits@2.0.3:
    version "2.0.3"
    resolved "http://wm-npm.mobimate.com:80/api/npm/wm-node/inherits/inherits-2.0.3.tgz#633c2c83e3da42a502f52466022480f4208261de"
    integrity sha1-Yzwsg+PaQqUC9SRmAiSA9CCCYd4=
  
  inherits@2.0.4, inherits@~2.0.3:
    version "2.0.4"
    resolved "http://wm-npm.mobimate.com:80/api/npm/wm-node/inherits/-/inherits-2.0.4.tgz#0fa2c64f932917c3433a0ded55363aae37416b7c"
    integrity sha1-D6LGT5MpF8NDOg3tVTY6rjdBa3w=
  
  ipaddr.js@1.9.1:
    version "1.9.1"
    resolved "http://wm-npm.mobimate.com:80/api/npm/wm-node/ipaddr.js/-/ipaddr.js-1.9.1.tgz#bff38543eeb8984825079ff3a2a8e6cbd46781b3"
    integrity sha1-v/OFQ+64mEglB5/zoqjmy9RngbM=
  
  is-property@^1.0.0:
    version "1.0.2"
    resolved "http://wm-npm.mobimate.com:80/api/npm/wm-node/is-property/is-property-1.0.2.tgz#57fe1c4e48474edd65b09911f26b1cd4095dda84"
    integrity sha1-V/4cTkhHTt1lsJkR8msc1Ald2oQ=
  
  is-utf8@^0.2.0:
    version "0.2.1"
    resolved "http://wm-npm.mobimate.com:80/api/npm/wm-node/is-utf8/is-utf8-0.2.1.tgz#4b0da1442104d1b336340e80797e865cf39f7d72"
    integrity sha1-Sw2hRCEE0bM2NA6AeX6GXPOffXI=
  
  isarray@~1.0.0:
    version "1.0.0"
    resolved "http://wm-npm.mobimate.com:80/api/npm/wm-node/isarray/isarray-1.0.0.tgz#bb935d48582cba168c06834957a54a3e07124f11"
    integrity sha1-u5NdSFgsuhaMBoNJV6VKPgcSTxE=
  
  json-stringify-safe@^5.0.1:
    version "5.0.1"
    resolved "http://wm-npm.mobimate.com:80/api/npm/wm-node/json-stringify-safe/json-stringify-safe-5.0.1.tgz#1296a2d58fd45f19a0f6ce01d65701e2c735b6eb"
    integrity sha1-Epai1Y/UXxmg9s4B1lcB4sc1tus=
  
  lodash@^4.17.15, lodash@^4.17.3:
    version "4.17.15"
    resolved "http://wm-npm.mobimate.com:80/api/npm/wm-node/lodash/-/lodash-4.17.15.tgz#b447f6670a0455bbfeedd11392eff330ea097548"
    integrity sha1-tEf2ZwoEVbv+7dETku/zMOoJdUg=
  
  media-typer@0.3.0:
    version "0.3.0"
    resolved "http://wm-npm.mobimate.com:80/api/npm/wm-node/media-typer/media-typer-0.3.0.tgz#8710d7af0aa626f8fffa1ce00168545263255748"
    integrity sha1-hxDXrwqmJvj/+hzgAWhUUmMlV0g=
  
  merge-descriptors@1.0.1:
    version "1.0.1"
    resolved "http://wm-npm.mobimate.com:80/api/npm/wm-node/merge-descriptors/merge-descriptors-1.0.1.tgz#b00aaa556dd8b44568150ec9d1b953f3f90cbb61"
    integrity sha1-sAqqVW3YtEVoFQ7J0blT8/kMu2E=
  
  methods@~1.1.2:
    version "1.1.2"
    resolved "http://wm-npm.mobimate.com:80/api/npm/wm-node/methods/methods-1.1.2.tgz#5529a4d67654134edcc5266656835b0f851afcee"
    integrity sha1-VSmk1nZUE07cxSZmVoNbD4Ua/O4=
  
  mime-db@1.43.0:
    version "1.43.0"
    resolved "http://wm-npm.mobimate.com:80/api/npm/wm-node/mime-db/-/mime-db-1.43.0.tgz#0a12e0502650e473d735535050e7c8f4eb4fae58"
    integrity sha1-ChLgUCZQ5HPXNVNQUOfI9OtPrlg=
  
  mime-types@~2.1.24:
    version "2.1.26"
    resolved "http://wm-npm.mobimate.com:80/api/npm/wm-node/mime-types/-/mime-types-2.1.26.tgz#9c921fc09b7e149a65dfdc0da4d20997200b0a06"
    integrity sha1-nJIfwJt+FJpl39wNpNIJlyALCgY=
    dependencies:
      mime-db "1.43.0"
  
  mime@1.6.0:
    version "1.6.0"
    resolved "http://wm-npm.mobimate.com:80/api/npm/wm-node/mime/-/mime-1.6.0.tgz#32cd9e5c64553bd58d19a568af452acff04981b1"
    integrity sha1-Ms2eXGRVO9WNGaVor0Uqz/BJgbE=
  
  minimist@^1.2.0:
    version "1.2.5"
    resolved "http://wm-npm.mobimate.com:80/api/npm/wm-node/minimist/-/minimist-1.2.5.tgz#67d66014b66a6a8aaa0c083c5fd58df4e4e97602"
    integrity sha1-Z9ZgFLZqaoqqDAg8X9WN9OTpdgI=
  
  moment@^2.24.0:
    version "2.24.0"
    resolved "http://wm-npm.mobimate.com:80/api/npm/wm-node/moment/-/moment-2.24.0.tgz#0d055d53f5052aa653c9f6eb68bb5d12bf5c2b5b"
    integrity sha1-DQVdU/UFKqZTyfbraLtdEr9cK1s=
  
  ms@2.0.0:
    version "2.0.0"
    resolved "http://wm-npm.mobimate.com:80/api/npm/wm-node/ms/ms-2.0.0.tgz#5608aeadfc00be6c2901df5f9861788de0d597c8"
    integrity sha1-VgiurfwAvmwpAd9fmGF4jeDVl8g=
  
  ms@2.1.1:
    version "2.1.1"
    resolved "http://wm-npm.mobimate.com:80/api/npm/wm-node/ms/-/ms-2.1.1.tgz#30a5864eb3ebb0a66f2ebe6d727af06a09d86e0a"
    integrity sha1-MKWGTrPrsKZvLr5tcnrwagnYbgo=
  
  ndjson@^1.4.0:
    version "1.5.0"
    resolved "http://wm-npm.mobimate.com:80/api/npm/wm-node/ndjson/ndjson-1.5.0.tgz#ae603b36b134bcec347b452422b0bf98d5832ec8"
    integrity sha1-rmA7NrE0vOw0e0UkIrC/mNWDLsg=
    dependencies:
      json-stringify-safe "^5.0.1"
      minimist "^1.2.0"
      split2 "^2.1.0"
      through2 "^2.0.3"
  
  negotiator@0.6.2:
    version "0.6.2"
    resolved "http://wm-npm.mobimate.com:80/api/npm/wm-node/negotiator/-/negotiator-0.6.2.tgz#feacf7ccf525a77ae9634436a64883ffeca346fb"
    integrity sha1-/qz3zPUlp3rpY0Q2pkiD/+yjRvs=
  
  on-finished@~2.3.0:
    version "2.3.0"
    resolved "http://wm-npm.mobimate.com:80/api/npm/wm-node/on-finished/on-finished-2.3.0.tgz#20f1336481b083cd75337992a16971aa2d906947"
    integrity sha1-IPEzZIGwg811M3mSoWlxqi2QaUc=
    dependencies:
      ee-first "1.1.1"
  
  parseurl@~1.3.3:
    version "1.3.3"
    resolved "http://wm-npm.mobimate.com:80/api/npm/wm-node/parseurl/-/parseurl-1.3.3.tgz#9da19e7bee8d12dff0513ed5b76957793bc2e8d4"
    integrity sha1-naGee+6NEt/wUT7Vt2lXeTvC6NQ=
  
  path-to-regexp@0.1.7:
    version "0.1.7"
    resolved "http://wm-npm.mobimate.com:80/api/npm/wm-node/path-to-regexp/path-to-regexp-0.1.7.tgz#df604178005f522f15eb4490e7247a1bfaa67f8c"
    integrity sha1-32BBeABfUi8V60SQ5yR6G/qmf4w=
  
  process-nextick-args@~2.0.0:
    version "2.0.1"
    resolved "http://wm-npm.mobimate.com:80/api/npm/wm-node/process-nextick-args/-/process-nextick-args-2.0.1.tgz#7820d9b16120cc55ca9ae7792680ae7dba6d7fe2"
    integrity sha1-eCDZsWEgzFXKmud5JoCufbptf+I=
  
  proxy-addr@~2.0.5:
    version "2.0.6"
    resolved "http://wm-npm.mobimate.com:80/api/npm/wm-node/proxy-addr/-/proxy-addr-2.0.6.tgz#fdc2336505447d3f2f2c638ed272caf614bbb2bf"
    integrity sha1-/cIzZQVEfT8vLGOO0nLK9hS7sr8=
    dependencies:
      forwarded "~0.1.2"
      ipaddr.js "1.9.1"
  
  qs@6.7.0:
    version "6.7.0"
    resolved "http://wm-npm.mobimate.com:80/api/npm/wm-node/qs/-/qs-6.7.0.tgz#41dc1a015e3d581f1621776be31afb2876a9b1bc"
    integrity sha1-QdwaAV49WB8WIXdr4xr7KHapsbw=
  
  range-parser@~1.2.1:
    version "1.2.1"
    resolved "http://wm-npm.mobimate.com:80/api/npm/wm-node/range-parser/-/range-parser-1.2.1.tgz#3cf37023d199e1c24d1a55b84800c2f3e6468031"
    integrity sha1-PPNwI9GZ4cJNGlW4SADC8+ZGgDE=
  
  raw-body@2.4.0:
    version "2.4.0"
    resolved "http://wm-npm.mobimate.com:80/api/npm/wm-node/raw-body/-/raw-body-2.4.0.tgz#a1ce6fb9c9bc356ca52e89256ab59059e13d0332"
    integrity sha1-oc5vucm8NWylLoklarWQWeE9AzI=
    dependencies:
      bytes "3.1.0"
      http-errors "1.7.2"
      iconv-lite "0.4.24"
      unpipe "1.0.0"
  
  readable-stream@~2.3.6:
    version "2.3.7"
    resolved "http://wm-npm.mobimate.com:80/api/npm/wm-node/readable-stream/-/readable-stream-2.3.7.tgz#1eca1cf711aef814c04f62252a36a62f6cb23b57"
    integrity sha1-Hsoc9xGu+BTAT2IlKjamL2yyO1c=
    dependencies:
      core-util-is "~1.0.0"
      inherits "~2.0.3"
      isarray "~1.0.0"
      process-nextick-args "~2.0.0"
      safe-buffer "~5.1.1"
      string_decoder "~1.1.1"
      util-deprecate "~1.0.1"
  
  redis-commands@^1.5.0:
    version "1.5.0"
    resolved "http://wm-npm.mobimate.com:80/api/npm/wm-node/redis-commands/-/redis-commands-1.5.0.tgz#80d2e20698fe688f227127ff9e5164a7dd17e785"
    integrity sha1-gNLiBpj+aI8icSf/nlFkp90X54U=
  
  redis-errors@^1.0.0, redis-errors@^1.2.0:
    version "1.2.0"
    resolved "http://wm-npm.mobimate.com:80/api/npm/wm-node/redis-errors/-/redis-errors-1.2.0.tgz#eb62d2adb15e4eaf4610c04afe1529384250abad"
    integrity sha1-62LSrbFeTq9GEMBK/hUpOEJQq60=
  
  redis-parser@^3.0.0:
    version "3.0.0"
    resolved "http://wm-npm.mobimate.com:80/api/npm/wm-node/redis-parser/-/redis-parser-3.0.0.tgz#b66d828cdcafe6b4b8a428a7def4c6bcac31c8b4"
    integrity sha1-tm2CjNyv5rS4pCin3vTGvKwxyLQ=
    dependencies:
      redis-errors "^1.0.0"
  
  redis@^3.0.2:
    version "3.0.2"
    resolved "http://wm-npm.mobimate.com:80/api/npm/wm-node/redis/-/redis-3.0.2.tgz#bd47067b8a4a3e6a2e556e57f71cc82c7360150a"
    integrity sha1-vUcGe4pKPmouVW5X9xzILHNgFQo=
    dependencies:
      denque "^1.4.1"
      redis-commands "^1.5.0"
      redis-errors "^1.2.0"
      redis-parser "^3.0.0"
  
  safe-buffer@5.1.2, safe-buffer@~5.1.0, safe-buffer@~5.1.1:
    version "5.1.2"
    resolved "http://wm-npm.mobimate.com:80/api/npm/wm-node/safe-buffer/-/safe-buffer-5.1.2.tgz#991ec69d296e0313747d59bdfd2b745c35f8828d"
    integrity sha1-mR7GnSluAxN0fVm9/St0XDX4go0=
  
  "safer-buffer@>= 2.1.2 < 3":
    version "2.1.2"
    resolved "http://wm-npm.mobimate.com:80/api/npm/wm-node/safer-buffer/-/safer-buffer-2.1.2.tgz#44fa161b0187b9549dd84bb91802f9bd8385cd6a"
    integrity sha1-RPoWGwGHuVSd2Eu5GAL5vYOFzWo=
  
  send@0.17.1:
    version "0.17.1"
    resolved "http://wm-npm.mobimate.com:80/api/npm/wm-node/send/-/send-0.17.1.tgz#c1d8b059f7900f7466dd4938bdc44e11ddb376c8"
    integrity sha1-wdiwWfeQD3Rm3Uk4vcROEd2zdsg=
    dependencies:
      debug "2.6.9"
      depd "~1.1.2"
      destroy "~1.0.4"
      encodeurl "~1.0.2"
      escape-html "~1.0.3"
      etag "~1.8.1"
      fresh "0.5.2"
      http-errors "~1.7.2"
      mime "1.6.0"
      ms "2.1.1"
      on-finished "~2.3.0"
      range-parser "~1.2.1"
      statuses "~1.5.0"
  
  serve-static@1.14.1:
    version "1.14.1"
    resolved "http://wm-npm.mobimate.com:80/api/npm/wm-node/serve-static/-/serve-static-1.14.1.tgz#666e636dc4f010f7ef29970a88a674320898b2f9"
    integrity sha1-Zm5jbcTwEPfvKZcKiKZ0MgiYsvk=
    dependencies:
      encodeurl "~1.0.2"
      escape-html "~1.0.3"
      parseurl "~1.3.3"
      send "0.17.1"
  
  setprototypeof@1.1.1:
    version "1.1.1"
    resolved "http://wm-npm.mobimate.com:80/api/npm/wm-node/setprototypeof/-/setprototypeof-1.1.1.tgz#7e95acb24aa92f5885e0abef5ba131330d4ae683"
    integrity sha1-fpWsskqpL1iF4KvvW6ExMw1K5oM=
  
  split2@^2.1.0:
    version "2.2.0"
    resolved "http://wm-npm.mobimate.com:80/api/npm/wm-node/split2/-/split2-2.2.0.tgz#186b2575bcf83e85b7d18465756238ee4ee42493"
    integrity sha1-GGsldbz4PoW30YRldWI47k7kJJM=
    dependencies:
      through2 "^2.0.2"
  
  "statuses@>= 1.5.0 < 2", statuses@~1.5.0:
    version "1.5.0"
    resolved "http://wm-npm.mobimate.com:80/api/npm/wm-node/statuses/-/statuses-1.5.0.tgz#161c7dac177659fd9811f43771fa99381478628c"
    integrity sha1-Fhx9rBd2Wf2YEfQ3cfqZOBR4Yow=
  
  string_decoder@~1.1.1:
    version "1.1.1"
    resolved "http://wm-npm.mobimate.com:80/api/npm/wm-node/string_decoder/-/string_decoder-1.1.1.tgz#9cf1611ba62685d7030ae9e4ba34149c3af03fc8"
    integrity sha1-nPFhG6YmhdcDCunkujQUnDrwP8g=
    dependencies:
      safe-buffer "~5.1.0"
  
  strip-bom@^2.0.0:
    version "2.0.0"
    resolved "http://wm-npm.mobimate.com:80/api/npm/wm-node/strip-bom/strip-bom-2.0.0.tgz#6219a85616520491f35788bdbf1447a99c7e6b0e"
    integrity sha1-YhmoVhZSBJHzV4i9vxRHqZx+aw4=
    dependencies:
      is-utf8 "^0.2.0"
  
  through2@^2.0.2, through2@^2.0.3:
    version "2.0.5"
    resolved "http://wm-npm.mobimate.com:80/api/npm/wm-node/through2/-/through2-2.0.5.tgz#01c1e39eb31d07cb7d03a96a70823260b23132cd"
    integrity sha1-AcHjnrMdB8t9A6lqcIIyYLIxMs0=
    dependencies:
      readable-stream "~2.3.6"
      xtend "~4.0.1"
  
  toidentifier@1.0.0:
    version "1.0.0"
    resolved "http://wm-npm.mobimate.com:80/api/npm/wm-node/toidentifier/-/toidentifier-1.0.0.tgz#7e1be3470f1e77948bc43d94a3c8f4d7752ba553"
    integrity sha1-fhvjRw8ed5SLxD2Uo8j013UrpVM=
  
  type-is@~1.6.17, type-is@~1.6.18:
    version "1.6.18"
    resolved "http://wm-npm.mobimate.com:80/api/npm/wm-node/type-is/-/type-is-1.6.18.tgz#4e552cd05df09467dcbc4ef739de89f2cf37c131"
    integrity sha1-TlUs0F3wlGfcvE73Od6J8s83wTE=
    dependencies:
      media-typer "0.3.0"
      mime-types "~2.1.24"
  
  unpipe@1.0.0, unpipe@~1.0.0:
    version "1.0.0"
    resolved "http://wm-npm.mobimate.com:80/api/npm/wm-node/unpipe/unpipe-1.0.0.tgz#b2bf4ee8514aae6165b4817829d21b2ef49904ec"
    integrity sha1-sr9O6FFKrmFltIF4KdIbLvSZBOw=
  
  util-deprecate@~1.0.1:
    version "1.0.2"
    resolved "http://wm-npm.mobimate.com:80/api/npm/wm-node/util-deprecate/util-deprecate-1.0.2.tgz#450d4dc9fa70de732762fbd2d4a28981419a0ccf"
    integrity sha1-RQ1Nyfpw3nMnYvvS1KKJgUGaDM8=
  
  utils-merge@1.0.1:
    version "1.0.1"
    resolved "http://wm-npm.mobimate.com:80/api/npm/wm-node/utils-merge/-/utils-merge-1.0.1.tgz#9f95710f50a267947b2ccc124741c1028427e713"
    integrity sha1-n5VxD1CiZ5R7LMwSR0HBAoQn5xM=
  
  vary@~1.1.2:
    version "1.1.2"
    resolved "http://wm-npm.mobimate.com:80/api/npm/wm-node/vary/-/vary-1.1.2.tgz#2299f02c6ded30d4a5961b0b9f74524a18f634fc"
    integrity sha1-IpnwLG3tMNSllhsLn3RSShj2NPw=
  
  xtend@~4.0.1:
    version "4.0.2"
    resolved "http://wm-npm.mobimate.com:80/api/npm/wm-node/xtend/-/xtend-4.0.2.tgz#bb72779f5fa465186b1f438f674fa347fdb5db54"
    integrity sha1-u3J3n1+kZRhrH0OPZ0+jR/2121Q=
